<?xml version="1.0" encoding="UTF-8"?>
<!-- Generated by org.testng.reporters.JUnitReportReporter -->
<testsuite skipped="0" hostname="DESKTOP-UC4Q2HL" name="testngpractice.test3" tests="2" failures="0" timestamp="12 Aug 2019 03:00:26 GMT" time="0.002" errors="0">
  <testcase name="Demo6" time="0.001" classname="testngpractice.test3"/>
  <testcase name="Demo5" time="0.001" classname="testngpractice.test3"/>
</testsuite> <!-- testngpractice.test3 -->
