<?xml version="1.0" encoding="UTF-8"?>
<!-- Generated by org.testng.reporters.JUnitReportReporter -->
<testsuite skipped="0" hostname="DESKTOP-UC4Q2HL" name="testngpractice.test1" tests="1" failures="0" timestamp="12 Aug 2019 03:00:26 GMT" time="0.007" errors="0">
  <testcase name="Demo1" time="0.007" classname="testngpractice.test1"/>
</testsuite> <!-- testngpractice.test1 -->
