<?xml version="1.0" encoding="UTF-8"?>
<!-- Generated by org.testng.reporters.JUnitReportReporter -->
<testsuite skipped="0" hostname="DESKTOP-UC4Q2HL" name="testngpractice.test2" tests="1" failures="0" timestamp="12 Aug 2019 03:00:26 GMT" time="0.001" errors="0">
  <testcase name="Demo3" time="0.001" classname="testngpractice.test2"/>
</testsuite> <!-- testngpractice.test2 -->
